#
# There is insufficient memory for the Java Runtime Environment to continue.
# Native memory allocation (malloc) failed to allocate 1842416 bytes for Chunk::new
# Possible reasons:
#   The system is out of physical RAM or swap space
#   The process is running with CompressedOops enabled, and the Java Heap may be blocking the growth of the native heap
# Possible solutions:
#   Reduce memory load on the system
#   Increase physical memory or swap space
#   Check if swap backing store is full
#   Decrease Java heap size (-Xmx/-Xms)
#   Decrease number of Java threads
#   Decrease Java thread stack sizes (-Xss)
#   Set larger code cache with -XX:ReservedCodeCacheSize=
#   JVM is running with Unscaled Compressed Oops mode in which the Java heap is
#     placed in the first 4GB address space. The Java Heap base address is the
#     maximum limit for the native heap growth. Please use -XX:HeapBaseMinAddress
#     to set the Java Heap base and to place the Java Heap above 4GB virtual address.
# This output file may be truncated or incomplete.
#
#  Out of Memory Error (./src/hotspot/share/memory/arena.cpp:197), pid=27928, tid=33276
#
# JRE version: OpenJDK Runtime Environment (11.0.11+9) (build 11.0.11+9-b60-7590822)
# Java VM: OpenJDK 64-Bit Server VM (11.0.11+9-b60-7590822, mixed mode, tiered, compressed oops, g1 gc, windows-amd64)
# No core dump will be written. Minidumps are not enabled by default on client versions of Windows
#

---------------  S U M M A R Y ------------

Command Line: --add-opens=java.base/java.util=ALL-UNNAMED --add-opens=java.base/java.lang=ALL-UNNAMED --add-opens=java.base/java.lang.invoke=ALL-UNNAMED --add-opens=java.base/java.util=ALL-UNNAMED --add-opens=java.prefs/java.util.prefs=ALL-UNNAMED --add-opens=java.prefs/java.util.prefs=ALL-UNNAMED --add-opens=java.base/java.nio.charset=ALL-UNNAMED --add-opens=java.base/java.net=ALL-UNNAMED --add-opens=java.base/java.util.concurrent.atomic=ALL-UNNAMED -Xmx1536M -Dfile.encoding=windows-1252 -Duser.country=US -Duser.language=en -Duser.variant org.gradle.launcher.daemon.bootstrap.GradleDaemon 7.4

Host: Intel(R) Core(TM) i5-5200U CPU @ 2.20GHz, 4 cores, 15G,  Windows 10 , 64 bit Build 19041 (10.0.19041.1806)
Time: Mon Aug  8 23:11:05 2022 Greenwich Standard Time elapsed time: 51.020490 seconds (0d 0h 0m 51s)

---------------  T H R E A D  ---------------

Current thread (0x000001edffa0d000):  JavaThread "C2 CompilerThread0" daemon [_thread_in_native, id=33276, stack(0x0000001e73900000,0x0000001e73a00000)]


Current CompileTask:
C2:  51020 3341       4       java.lang.invoke.MethodType::makeImpl (108 bytes)

Stack: [0x0000001e73900000,0x0000001e73a00000]
Native frames: (J=compiled Java code, j=interpreted, Vv=VM code, C=native code)
V  [jvm.dll+0x5f214a]
V  [jvm.dll+0x726fb5]
V  [jvm.dll+0x7285cd]
V  [jvm.dll+0x728c83]
V  [jvm.dll+0x243278]
V  [jvm.dll+0xbc53c]
V  [jvm.dll+0xbca3c]
V  [jvm.dll+0x353e3b]
V  [jvm.dll+0x321893]
V  [jvm.dll+0x320d8a]
V  [jvm.dll+0x1fc1e2]
V  [jvm.dll+0x1fb3d4]
V  [jvm.dll+0x183d6c]
V  [jvm.dll+0x209a57]
V  [jvm.dll+0x2082a1]
V  [jvm.dll+0x6ef58f]
V  [jvm.dll+0x6e80b5]
V  [jvm.dll+0x5f1036]
C  [ucrtbase.dll+0x21bb2]
C  [KERNEL32.DLL+0x17034]
C  [ntdll.dll+0x52651]


---------------  P R O C E S S  ---------------

Threads class SMR info:
_java_thread_list=0x000001ed8573e160, length=33, elements={
0x000001ede68ed800, 0x000001edff178000, 0x000001edff179000, 0x000001edffa05000,
0x000001edffa06000, 0x000001edffa07000, 0x000001edffa0d000, 0x000001edffa0e800,
0x000001edffa65000, 0x000001edffb76000, 0x000001ed83ac2800, 0x000001ed8331a800,
0x000001ed83135000, 0x000001ed83f20800, 0x000001ed83c4c800, 0x000001ed82d61000,
0x000001ed84f7d800, 0x000001ed82058000, 0x000001ed84379800, 0x000001ed82c36000,
0x000001ed82c34800, 0x000001ed82c35000, 0x000001ed82c37000, 0x000001ed82c37800,
0x000001ed82c38800, 0x000001ed82c39000, 0x000001ed82c3a000, 0x000001ed82c3b000,
0x000001ed8377c800, 0x000001ed83782000, 0x000001ed8377e000, 0x000001ed8377e800,
0x000001ed8463e800
}

Java Threads: ( => current thread )
  0x000001ede68ed800 JavaThread "main" [_thread_blocked, id=32760, stack(0x0000001e72d00000,0x0000001e72e00000)]
  0x000001edff178000 JavaThread "Reference Handler" daemon [_thread_blocked, id=4040, stack(0x0000001e73400000,0x0000001e73500000)]
  0x000001edff179000 JavaThread "Finalizer" daemon [_thread_blocked, id=29228, stack(0x0000001e73500000,0x0000001e73600000)]
  0x000001edffa05000 JavaThread "Signal Dispatcher" daemon [_thread_blocked, id=22308, stack(0x0000001e73600000,0x0000001e73700000)]
  0x000001edffa06000 JavaThread "Attach Listener" daemon [_thread_blocked, id=18632, stack(0x0000001e73700000,0x0000001e73800000)]
  0x000001edffa07000 JavaThread "Service Thread" daemon [_thread_blocked, id=35712, stack(0x0000001e73800000,0x0000001e73900000)]
=>0x000001edffa0d000 JavaThread "C2 CompilerThread0" daemon [_thread_in_native, id=33276, stack(0x0000001e73900000,0x0000001e73a00000)]
  0x000001edffa0e800 JavaThread "C1 CompilerThread0" daemon [_thread_blocked, id=34960, stack(0x0000001e73a00000,0x0000001e73b00000)]
  0x000001edffa65000 JavaThread "Sweeper thread" daemon [_thread_blocked, id=15952, stack(0x0000001e73b00000,0x0000001e73c00000)]
  0x000001edffb76000 JavaThread "Common-Cleaner" daemon [_thread_blocked, id=3936, stack(0x0000001e73c00000,0x0000001e73d00000)]
  0x000001ed83ac2800 JavaThread "Daemon health stats" [_thread_blocked, id=19056, stack(0x0000001e73e00000,0x0000001e73f00000)]
  0x000001ed8331a800 JavaThread "Incoming local TCP Connector on port 51596" [_thread_in_native, id=22216, stack(0x0000001e74200000,0x0000001e74300000)]
  0x000001ed83135000 JavaThread "Daemon periodic checks" [_thread_blocked, id=34004, stack(0x0000001e74300000,0x0000001e74400000)]
  0x000001ed83f20800 JavaThread "Daemon" [_thread_blocked, id=18036, stack(0x0000001e74400000,0x0000001e74500000)]
  0x000001ed83c4c800 JavaThread "Handler for socket connection from /127.0.0.1:51596 to /127.0.0.1:51597" [_thread_in_native, id=31496, stack(0x0000001e74500000,0x0000001e74600000)]
  0x000001ed82d61000 JavaThread "Cancel handler" [_thread_blocked, id=14348, stack(0x0000001e74600000,0x0000001e74700000)]
  0x000001ed84f7d800 JavaThread "Daemon worker" [_thread_in_vm, id=24612, stack(0x0000001e74700000,0x0000001e74800000)]
  0x000001ed82058000 JavaThread "Asynchronous log dispatcher for DefaultDaemonConnection: socket connection from /127.0.0.1:51596 to /127.0.0.1:51597" [_thread_blocked, id=14976, stack(0x0000001e74800000,0x0000001e74900000)]
  0x000001ed84379800 JavaThread "Stdin handler" [_thread_blocked, id=26052, stack(0x0000001e74900000,0x0000001e74a00000)]
  0x000001ed82c36000 JavaThread "Daemon client event forwarder" [_thread_blocked, id=3232, stack(0x0000001e74a00000,0x0000001e74b00000)]
  0x000001ed82c34800 JavaThread "Cache worker for journal cache (C:\Users\UUU\.gradle\caches\journal-1)" [_thread_blocked, id=13632, stack(0x0000001e74b00000,0x0000001e74c00000)]
  0x000001ed82c35000 JavaThread "File lock request listener" [_thread_in_native, id=18612, stack(0x0000001e74c00000,0x0000001e74d00000)]
  0x000001ed82c37000 JavaThread "Cache worker for file hash cache (C:\Users\UUU\.gradle\caches\7.4\fileHashes)" [_thread_blocked, id=35012, stack(0x0000001e74d00000,0x0000001e74e00000)]
  0x000001ed82c37800 JavaThread "File watcher server" daemon [_thread_in_native, id=20884, stack(0x0000001e74e00000,0x0000001e74f00000)]
  0x000001ed82c38800 JavaThread "File watcher consumer" daemon [_thread_blocked, id=28816, stack(0x0000001e74f00000,0x0000001e75000000)]
  0x000001ed82c39000 JavaThread "Cache worker for checksums cache (C:\Users\UUU\Downloads\todoApp\android\.gradle\7.4\checksums)" [_thread_blocked, id=15784, stack(0x0000001e75000000,0x0000001e75100000)]
  0x000001ed82c3a000 JavaThread "Cache worker for cache directory md-rule (C:\Users\UUU\.gradle\caches\7.4\md-rule)" [_thread_blocked, id=29416, stack(0x0000001e75100000,0x0000001e75200000)]
  0x000001ed82c3b000 JavaThread "Cache worker for file hash cache (C:\Users\UUU\Downloads\todoApp\android\.gradle\7.4\fileHashes)" [_thread_blocked, id=25708, stack(0x0000001e75300000,0x0000001e75400000)]
  0x000001ed8377c800 JavaThread "Cache worker for cache directory md-supplier (C:\Users\UUU\.gradle\caches\7.4\md-supplier)" [_thread_blocked, id=19060, stack(0x0000001e75400000,0x0000001e75500000)]
  0x000001ed83782000 JavaThread "Cache worker for execution history cache (C:\Users\UUU\.gradle\caches\7.4\executionHistory)" [_thread_blocked, id=22456, stack(0x0000001e75200000,0x0000001e75300000)]
  0x000001ed8377e000 JavaThread "jar transforms" [_thread_blocked, id=14612, stack(0x0000001e75600000,0x0000001e75700000)]
  0x000001ed8377e800 JavaThread "jar transforms Thread 2" [_thread_blocked, id=14600, stack(0x0000001e75800000,0x0000001e75900000)]
  0x000001ed8463e800 JavaThread "C2 CompilerThread1" daemon [_thread_in_native, id=18584, stack(0x0000001e75900000,0x0000001e75a00000)]

Other Threads:
  0x000001edff9b9000 VMThread "VM Thread" [stack: 0x0000001e73300000,0x0000001e73400000] [id=13440]
  0x000001edffbcb800 WatcherThread [stack: 0x0000001e73d00000,0x0000001e73e00000] [id=30188]
  0x000001ede6907000 GCTaskThread "GC Thread#0" [stack: 0x0000001e72e00000,0x0000001e72f00000] [id=15416]
  0x000001ed828a9000 GCTaskThread "GC Thread#1" [stack: 0x0000001e73f00000,0x0000001e74000000] [id=35656]
  0x000001ed82681800 GCTaskThread "GC Thread#2" [stack: 0x0000001e74000000,0x0000001e74100000] [id=10044]
  0x000001ed82629800 GCTaskThread "GC Thread#3" [stack: 0x0000001e74100000,0x0000001e74200000] [id=30488]
  0x000001ede692c000 ConcurrentGCThread "G1 Main Marker" [stack: 0x0000001e72f00000,0x0000001e73000000] [id=28780]
  0x000001ede692d000 ConcurrentGCThread "G1 Conc#0" [stack: 0x0000001e73000000,0x0000001e73100000] [id=19276]
  0x000001ede69ce000 ConcurrentGCThread "G1 Refine#0" [stack: 0x0000001e73100000,0x0000001e73200000] [id=22868]
  0x000001edfefd8800 ConcurrentGCThread "G1 Young RemSet Sampling" [stack: 0x0000001e73200000,0x0000001e73300000] [id=18552]

Threads with active compile tasks:
C2 CompilerThread0  51348 3341       4       java.lang.invoke.MethodType::makeImpl (108 bytes)
C2 CompilerThread1  51348 3375       4       java.net.URLStreamHandler::toExternalForm (156 bytes)

VM state:not at safepoint (normal execution)

VM Mutex/Monitor currently owned by a thread: None

OutOfMemory and StackOverflow Exception counts:
OutOfMemoryError java_heap_errors=2
LinkageErrors=54

Heap address: 0x00000000a0000000, size: 1536 MB, Compressed Oops mode: 32-bit
Narrow klass base: 0x0000000000000000, Narrow klass shift: 3
Compressed class space size: 1073741824 Address: 0x0000000100000000

Heap:
 garbage-first heap   total 253952K, used 57929K [0x00000000a0000000, 0x0000000100000000)
  region size 1024K, 43 young (44032K), 7 survivors (7168K)
 Metaspace       used 38237K, capacity 39140K, committed 39324K, reserved 1083392K
  class space    used 4903K, capacity 5243K, committed 5324K, reserved 1048576K
Heap Regions: E=young(eden), S=young(survivor), O=old, HS=humongous(starts), HC=humongous(continues), CS=collection set, F=free, A=archive, TAMS=top-at-mark-start (previous, next)
|   0|0x00000000a0000000, 0x00000000a0100000, 0x00000000a0100000|100%|HS|  |TAMS 0x00000000a0100000, 0x00000000a0000000| Complete 
|   1|0x00000000a0100000, 0x00000000a0200000, 0x00000000a0200000|100%|HC|  |TAMS 0x00000000a0200000, 0x00000000a0100000| Complete 
|   2|0x00000000a0200000, 0x00000000a0300000, 0x00000000a0300000|100%|HC|  |TAMS 0x00000000a0300000, 0x00000000a0200000| Complete 
|   3|0x00000000a0300000, 0x00000000a0400000, 0x00000000a0400000|100%| O|  |TAMS 0x00000000a0400000, 0x00000000a0300000| Untracked 
|   4|0x00000000a0400000, 0x00000000a0500000, 0x00000000a0500000|100%| O|  |TAMS 0x00000000a0500000, 0x00000000a0400000| Untracked 
|   5|0x00000000a0500000, 0x00000000a0600000, 0x00000000a0600000|100%| O|  |TAMS 0x00000000a0600000, 0x00000000a0500000| Untracked 
|   6|0x00000000a0600000, 0x00000000a0700000, 0x00000000a0700000|100%| O|  |TAMS 0x00000000a0700000, 0x00000000a0600000| Untracked 
|   7|0x00000000a0700000, 0x00000000a0800000, 0x00000000a0800000|100%| O|  |TAMS 0x00000000a0800000, 0x00000000a0700000| Untracked 
|   8|0x00000000a0800000, 0x00000000a0900000, 0x00000000a0900000|100%| O|  |TAMS 0x00000000a0900000, 0x00000000a0800000| Untracked 
|   9|0x00000000a0900000, 0x00000000a0a00000, 0x00000000a0a00000|100%| O|  |TAMS 0x00000000a0a00000, 0x00000000a0900000| Untracked 
|  10|0x00000000a0a00000, 0x00000000a0b00000, 0x00000000a0b00000|100%| O|  |TAMS 0x00000000a0b00000, 0x00000000a0a00000| Untracked 
|  11|0x00000000a0b00000, 0x00000000a0c00000, 0x00000000a0c00000|100%| O|  |TAMS 0x00000000a0c00000, 0x00000000a0b00000| Untracked 
|  12|0x00000000a0c00000, 0x00000000a0d00000, 0x00000000a0d00000|100%| O|  |TAMS 0x00000000a0d00000, 0x00000000a0c00000| Untracked 
|  13|0x00000000a0d00000, 0x00000000a0e00000, 0x00000000a0e00000|100%| O|  |TAMS 0x00000000a0e00000, 0x00000000a0d00000| Untracked 
|  14|0x00000000a0e00000, 0x00000000a0f00000, 0x00000000a0f00000|100%| O|  |TAMS 0x00000000a0f00000, 0x00000000a0e00000| Untracked 
|  15|0x00000000a0f00000, 0x00000000a0fe7e00, 0x00000000a1000000| 90%| O|  |TAMS 0x00000000a0fe7e00, 0x00000000a0f00000| Untracked 
|  16|0x00000000a1000000, 0x00000000a1000000, 0x00000000a1100000|  0%| F|  |TAMS 0x00000000a1000000, 0x00000000a1000000| Untracked 
|  17|0x00000000a1100000, 0x00000000a1100000, 0x00000000a1200000|  0%| F|  |TAMS 0x00000000a1100000, 0x00000000a1100000| Untracked 
|  18|0x00000000a1200000, 0x00000000a1200000, 0x00000000a1300000|  0%| F|  |TAMS 0x00000000a1200000, 0x00000000a1200000| Untracked 
|  19|0x00000000a1300000, 0x00000000a1300000, 0x00000000a1400000|  0%| F|  |TAMS 0x00000000a1300000, 0x00000000a1300000| Untracked 
|  20|0x00000000a1400000, 0x00000000a1400000, 0x00000000a1500000|  0%| F|  |TAMS 0x00000000a1400000, 0x00000000a1400000| Untracked 
|  21|0x00000000a1500000, 0x00000000a1500000, 0x00000000a1600000|  0%| F|  |TAMS 0x00000000a1500000, 0x00000000a1500000| Untracked 
|  22|0x00000000a1600000, 0x00000000a1600000, 0x00000000a1700000|  0%| F|  |TAMS 0x00000000a1600000, 0x00000000a1600000| Untracked 
|  23|0x00000000a1700000, 0x00000000a1700000, 0x00000000a1800000|  0%| F|  |TAMS 0x00000000a1700000, 0x00000000a1700000| Untracked 
|  24|0x00000000a1800000, 0x00000000a1800000, 0x00000000a1900000|  0%| F|  |TAMS 0x00000000a1800000, 0x00000000a1800000| Untracked 
|  25|0x00000000a1900000, 0x00000000a1900000, 0x00000000a1a00000|  0%| F|  |TAMS 0x00000000a1900000, 0x00000000a1900000| Untracked 
|  26|0x00000000a1a00000, 0x00000000a1a00000, 0x00000000a1b00000|  0%| F|  |TAMS 0x00000000a1a00000, 0x00000000a1a00000| Untracked 
|  27|0x00000000a1b00000, 0x00000000a1b00000, 0x00000000a1c00000|  0%| F|  |TAMS 0x00000000a1b00000, 0x00000000a1b00000| Untracked 
|  28|0x00000000a1c00000, 0x00000000a1c00000, 0x00000000a1d00000|  0%| F|  |TAMS 0x00000000a1c00000, 0x00000000a1c00000| Untracked 
|  29|0x00000000a1d00000, 0x00000000a1d00000, 0x00000000a1e00000|  0%| F|  |TAMS 0x00000000a1d00000, 0x00000000a1d00000| Untracked 
|  30|0x00000000a1e00000, 0x00000000a1e00000, 0x00000000a1f00000|  0%| F|  |TAMS 0x00000000a1e00000, 0x00000000a1e00000| Untracked 
|  31|0x00000000a1f00000, 0x00000000a1f00000, 0x00000000a2000000|  0%| F|  |TAMS 0x00000000a1f00000, 0x00000000a1f00000| Untracked 
|  32|0x00000000a2000000, 0x00000000a2000000, 0x00000000a2100000|  0%| F|  |TAMS 0x00000000a2000000, 0x00000000a2000000| Untracked 
|  33|0x00000000a2100000, 0x00000000a2100000, 0x00000000a2200000|  0%| F|  |TAMS 0x00000000a2100000, 0x00000000a2100000| Untracked 
|  34|0x00000000a2200000, 0x00000000a2200000, 0x00000000a2300000|  0%| F|  |TAMS 0x00000000a2200000, 0x00000000a2200000| Untracked 
|  35|0x00000000a2300000, 0x00000000a2300000, 0x00000000a2400000|  0%| F|  |TAMS 0x00000000a2300000, 0x00000000a2300000| Untracked 
|  36|0x00000000a2400000, 0x00000000a2400000, 0x00000000a2500000|  0%| F|  |TAMS 0x00000000a2400000, 0x00000000a2400000| Untracked 
|  37|0x00000000a2500000, 0x00000000a2500000, 0x00000000a2600000|  0%| F|  |TAMS 0x00000000a2500000, 0x00000000a2500000| Untracked 
|  38|0x00000000a2600000, 0x00000000a2600000, 0x00000000a2700000|  0%| F|  |TAMS 0x00000000a2600000, 0x00000000a2600000| Untracked 
|  39|0x00000000a2700000, 0x00000000a2700000, 0x00000000a2800000|  0%| F|  |TAMS 0x00000000a2700000, 0x00000000a2700000| Untracked 
|  40|0x00000000a2800000, 0x00000000a2800000, 0x00000000a2900000|  0%| F|  |TAMS 0x00000000a2800000, 0x00000000a2800000| Untracked 
|  41|0x00000000a2900000, 0x00000000a2900000, 0x00000000a2a00000|  0%| F|  |TAMS 0x00000000a2900000, 0x00000000a2900000| Untracked 
|  42|0x00000000a2a00000, 0x00000000a2a00000, 0x00000000a2b00000|  0%| F|  |TAMS 0x00000000a2a00000, 0x00000000a2a00000| Untracked 
|  43|0x00000000a2b00000, 0x00000000a2b00000, 0x00000000a2c00000|  0%| F|  |TAMS 0x00000000a2b00000, 0x00000000a2b00000| Untracked 
|  44|0x00000000a2c00000, 0x00000000a2c00000, 0x00000000a2d00000|  0%| F|  |TAMS 0x00000000a2c00000, 0x00000000a2c00000| Untracked 
|  45|0x00000000a2d00000, 0x00000000a2d00000, 0x00000000a2e00000|  0%| F|  |TAMS 0x00000000a2d00000, 0x00000000a2d00000| Untracked 
|  46|0x00000000a2e00000, 0x00000000a2e00000, 0x00000000a2f00000|  0%| F|  |TAMS 0x00000000a2e00000, 0x00000000a2e00000| Untracked 
|  47|0x00000000a2f00000, 0x00000000a2f00000, 0x00000000a3000000|  0%| F|  |TAMS 0x00000000a2f00000, 0x00000000a2f00000| Untracked 
|  48|0x00000000a3000000, 0x00000000a3000000, 0x00000000a3100000|  0%| F|  |TAMS 0x00000000a3000000, 0x00000000a3000000| Untracked 
|  49|0x00000000a3100000, 0x00000000a3100000, 0x00000000a3200000|  0%| F|  |TAMS 0x00000000a3100000, 0x00000000a3100000| Untracked 
|  50|0x00000000a3200000, 0x00000000a3200000, 0x00000000a3300000|  0%| F|  |TAMS 0x00000000a3200000, 0x00000000a3200000| Untracked 
|  51|0x00000000a3300000, 0x00000000a3300000, 0x00000000a3400000|  0%| F|  |TAMS 0x00000000a3300000, 0x00000000a3300000| Untracked 
|  52|0x00000000a3400000, 0x00000000a3400000, 0x00000000a3500000|  0%| F|  |TAMS 0x00000000a3400000, 0x00000000a3400000| Untracked 
|  53|0x00000000a3500000, 0x00000000a3500000, 0x00000000a3600000|  0%| F|  |TAMS 0x00000000a3500000, 0x00000000a3500000| Untracked 
|  54|0x00000000a3600000, 0x00000000a3600000, 0x00000000a3700000|  0%| F|  |TAMS 0x00000000a3600000, 0x00000000a3600000| Untracked 
|  55|0x00000000a3700000, 0x00000000a3700000, 0x00000000a3800000|  0%| F|  |TAMS 0x00000000a3700000, 0x00000000a3700000| Untracked 
|  56|0x00000000a3800000, 0x00000000a3800000, 0x00000000a3900000|  0%| F|  |TAMS 0x00000000a3800000, 0x00000000a3800000| Untracked 
|  57|0x00000000a3900000, 0x00000000a3900000, 0x00000000a3a00000|  0%| F|  |TAMS 0x00000000a3900000, 0x00000000a3900000| Untracked 
|  58|0x00000000a3a00000, 0x00000000a3a00000, 0x00000000a3b00000|  0%| F|  |TAMS 0x00000000a3a00000, 0x00000000a3a00000| Untracked 
|  59|0x00000000a3b00000, 0x00000000a3b00000, 0x00000000a3c00000|  0%| F|  |TAMS 0x00000000a3b00000, 0x00000000a3b00000| Untracked 
|  60|0x00000000a3c00000, 0x00000000a3c00000, 0x00000000a3d00000|  0%| F|  |TAMS 0x00000000a3c00000, 0x00000000a3c00000| Untracked 
|  61|0x00000000a3d00000, 0x00000000a3d00000, 0x00000000a3e00000|  0%| F|  |TAMS 0x00000000a3d00000, 0x00000000a3d00000| Untracked 
|  62|0x00000000a3e00000, 0x00000000a3e00000, 0x00000000a3f00000|  0%| F|  |TAMS 0x00000000a3e00000, 0x00000000a3e00000| Untracked 
|  63|0x00000000a3f00000, 0x00000000a3f00000, 0x00000000a4000000|  0%| F|  |TAMS 0x00000000a3f00000, 0x00000000a3f00000| Untracked 
|  64|0x00000000a4000000, 0x00000000a4000000, 0x00000000a4100000|  0%| F|  |TAMS 0x00000000a4000000, 0x00000000a4000000| Untracked 
|  65|0x00000000a4100000, 0x00000000a4100000, 0x00000000a4200000|  0%| F|  |TAMS 0x00000000a4100000, 0x00000000a4100000| Untracked 
|  66|0x00000000a4200000, 0x00000000a4200000, 0x00000000a4300000|  0%| F|  |TAMS 0x00000000a4200000, 0x00000000a4200000| Untracked 
|  67|0x00000000a4300000, 0x00000000a4300000, 0x00000000a4400000|  0%| F|  |TAMS 0x00000000a4300000, 0x00000000a4300000| Untracked 
|  68|0x00000000a4400000, 0x00000000a4400000, 0x00000000a4500000|  0%| F|  |TAMS 0x00000000a4400000, 0x00000000a4400000| Untracked 
|  69|0x00000000a4500000, 0x00000000a4500000, 0x00000000a4600000|  0%| F|  |TAMS 0x00000000a4500000, 0x00000000a4500000| Untracked 
|  70|0x00000000a4600000, 0x00000000a4600000, 0x00000000a4700000|  0%| F|  |TAMS 0x00000000a4600000, 0x00000000a4600000| Untracked 
|  71|0x00000000a4700000, 0x00000000a4700000, 0x00000000a4800000|  0%| F|  |TAMS 0x00000000a4700000, 0x00000000a4700000| Untracked 
|  72|0x00000000a4800000, 0x00000000a4800000, 0x00000000a4900000|  0%| F|  |TAMS 0x00000000a4800000, 0x00000000a4800000| Untracked 
|  73|0x00000000a4900000, 0x00000000a4900000, 0x00000000a4a00000|  0%| F|  |TAMS 0x00000000a4900000, 0x00000000a4900000| Untracked 
|  74|0x00000000a4a00000, 0x00000000a4a00000, 0x00000000a4b00000|  0%| F|  |TAMS 0x00000000a4a00000, 0x00000000a4a00000| Untracked 
|  75|0x00000000a4b00000, 0x00000000a4b00000, 0x00000000a4c00000|  0%| F|  |TAMS 0x00000000a4b00000, 0x00000000a4b00000| Untracked 
|  76|0x00000000a4c00000, 0x00000000a4c00000, 0x00000000a4d00000|  0%| F|  |TAMS 0x00000000a4c00000, 0x00000000a4c00000| Untracked 
|  77|0x00000000a4d00000, 0x00000000a4d00000, 0x00000000a4e00000|  0%| F|  |TAMS 0x00000000a4d00000, 0x00000000a4d00000| Untracked 
|  78|0x00000000a4e00000, 0x00000000a4e00000, 0x00000000a4f00000|  0%| F|  |TAMS 0x00000000a4e00000, 0x00000000a4e00000| Untracked 
|  79|0x00000000a4f00000, 0x00000000a4f00000, 0x00000000a5000000|  0%| F|  |TAMS 0x00000000a4f00000, 0x00000000a4f00000| Untracked 
|  80|0x00000000a5000000, 0x00000000a5000000, 0x00000000a5100000|  0%| F|  |TAMS 0x00000000a5000000, 0x00000000a5000000| Untracked 
|  81|0x00000000a5100000, 0x00000000a5100000, 0x00000000a5200000|  0%| F|  |TAMS 0x00000000a5100000, 0x00000000a5100000| Untracked 
|  82|0x00000000a5200000, 0x00000000a5200000, 0x00000000a5300000|  0%| F|  |TAMS 0x00000000a5200000, 0x00000000a5200000| Untracked 
|  83|0x00000000a5300000, 0x00000000a5300000, 0x00000000a5400000|  0%| F|  |TAMS 0x00000000a5300000, 0x00000000a5300000| Untracked 
|  84|0x00000000a5400000, 0x00000000a5400000, 0x00000000a5500000|  0%| F|  |TAMS 0x00000000a5400000, 0x00000000a5400000| Untracked 
|  85|0x00000000a5500000, 0x00000000a5500000, 0x00000000a5600000|  0%| F|  |TAMS 0x00000000a5500000, 0x00000000a5500000| Untracked 
|  86|0x00000000a5600000, 0x00000000a5600000, 0x00000000a5700000|  0%| F|  |TAMS 0x00000000a5600000, 0x00000000a5600000| Untracked 
|  87|0x00000000a5700000, 0x00000000a5700000, 0x00000000a5800000|  0%| F|  |TAMS 0x00000000a5700000, 0x00000000a5700000| Untracked 
|  88|0x00000000a5800000, 0x00000000a5800000, 0x00000000a5900000|  0%| F|  |TAMS 0x00000000a5800000, 0x00000000a5800000| Untracked 
|  89|0x00000000a5900000, 0x00000000a5900000, 0x00000000a5a00000|  0%| F|  |TAMS 0x00000000a5900000, 0x00000000a5900000| Untracked 
|  90|0x00000000a5a00000, 0x00000000a5a00000, 0x00000000a5b00000|  0%| F|  |TAMS 0x00000000a5a00000, 0x00000000a5a00000| Untracked 
|  91|0x00000000a5b00000, 0x00000000a5b00000, 0x00000000a5c00000|  0%| F|  |TAMS 0x00000000a5b00000, 0x00000000a5b00000| Untracked 
|  92|0x00000000a5c00000, 0x00000000a5c00000, 0x00000000a5d00000|  0%| F|  |TAMS 0x00000000a5c00000, 0x00000000a5c00000| Untracked 
|  93|0x00000000a5d00000, 0x00000000a5d00000, 0x00000000a5e00000|  0%| F|  |TAMS 0x00000000a5d00000, 0x00000000a5d00000| Untracked 
|  94|0x00000000a5e00000, 0x00000000a5e00000, 0x00000000a5f00000|  0%| F|  |TAMS 0x00000000a5e00000, 0x00000000a5e00000| Untracked 
|  95|0x00000000a5f00000, 0x00000000a5f00000, 0x00000000a6000000|  0%| F|  |TAMS 0x00000000a5f00000, 0x00000000a5f00000| Untracked 
|  96|0x00000000a6000000, 0x00000000a6000000, 0x00000000a6100000|  0%| F|  |TAMS 0x00000000a6000000, 0x00000000a6000000| Untracked 
|  97|0x00000000a6100000, 0x00000000a6100000, 0x00000000a6200000|  0%| F|  |TAMS 0x00000000a6100000, 0x00000000a6100000| Untracked 
|  98|0x00000000a6200000, 0x00000000a6200000, 0x00000000a6300000|  0%| F|  |TAMS 0x00000000a6200000, 0x00000000a6200000| Untracked 
|  99|0x00000000a6300000, 0x00000000a6300000, 0x00000000a6400000|  0%| F|  |TAMS 0x00000000a6300000, 0x00000000a6300000| Untracked 
| 100|0x00000000a6400000, 0x00000000a6400000, 0x00000000a6500000|  0%| F|  |TAMS 0x00000000a6400000, 0x00000000a6400000| Untracked 
| 101|0x00000000a6500000, 0x00000000a6500000, 0x00000000a6600000|  0%| F|  |TAMS 0x00000000a6500000, 0x00000000a6500000| Untracked 
| 102|0x00000000a6600000, 0x00000000a6600000, 0x00000000a6700000|  0%| F|  |TAMS 0x00000000a6600000, 0x00000000a6600000| Untracked 
| 103|0x00000000a6700000, 0x00000000a6700000, 0x00000000a6800000|  0%| F|  |TAMS 0x00000000a6700000, 0x00000000a6700000| Untracked 
| 104|0x00000000a6800000, 0x00000000a6800000, 0x00000000a6900000|  0%| F|  |TAMS 0x00000000a6800000, 0x00000000a6800000| Untracked 
| 105|0x00000000a6900000, 0x00000000a6900000, 0x00000000a6a00000|  0%| F|  |TAMS 0x00000000a6900000, 0x00000000a6900000| Untracked 
| 106|0x00000000a6a00000, 0x00000000a6a00000, 0x00000000a6b00000|  0%| F|  |TAMS 0x00000000a6a00000, 0x00000000a6a00000| Untracked 
| 107|0x00000000a6b00000, 0x00000000a6b00000, 0x00000000a6c00000|  0%| F|  |TAMS 0x00000000a6b00000, 0x00000000a6b00000| Untracked 
| 108|0x00000000a6c00000, 0x00000000a6c00000, 0x00000000a6d00000|  0%| F|  |TAMS 0x00000000a6c00000, 0x00000000a6c00000| Untracked 
| 109|0x00000000a6d00000, 0x00000000a6d00000, 0x00000000a6e00000|  0%| F|  |TAMS 0x00000000a6d00000, 0x00000000a6d00000| Untracked 
| 110|0x00000000a6e00000, 0x00000000a6e00000, 0x00000000a6f00000|  0%| F|  |TAMS 0x00000000a6e00000, 0x00000000a6e00000| Untracked 
| 111|0x00000000a6f00000, 0x00000000a6f00000, 0x00000000a7000000|  0%| F|  |TAMS 0x00000000a6f00000, 0x00000000a6f00000| Untracked 
| 112|0x00000000a7000000, 0x00000000a7000000, 0x00000000a7100000|  0%| F|  |TAMS 0x00000000a7000000, 0x00000000a7000000| Untracked 
| 113|0x00000000a7100000, 0x00000000a7100000, 0x00000000a7200000|  0%| F|  |TAMS 0x00000000a7100000, 0x00000000a7100000| Untracked 
| 114|0x00000000a7200000, 0x00000000a7200000, 0x00000000a7300000|  0%| F|  |TAMS 0x00000000a7200000, 0x00000000a7200000| Untracked 
| 115|0x00000000a7300000, 0x00000000a7300000, 0x00000000a7400000|  0%| F|  |TAMS 0x00000000a7300000, 0x00000000a7300000| Untracked 
| 116|0x00000000a7400000, 0x00000000a7400000, 0x00000000a7500000|  0%| F|  |TAMS 0x00000000a7400000, 0x00000000a7400000| Untracked 
| 117|0x00000000a7500000, 0x00000000a7500000, 0x00000000a7600000|  0%| F|  |TAMS 0x00000000a7500000, 0x00000000a7500000| Untracked 
| 118|0x00000000a7600000, 0x00000000a7600000, 0x00000000a7700000|  0%| F|  |TAMS 0x00000000a7600000, 0x00000000a7600000| Untracked 
| 119|0x00000000a7700000, 0x00000000a7700000, 0x00000000a7800000|  0%| F|  |TAMS 0x00000000a7700000, 0x00000000a7700000| Untracked 
| 120|0x00000000a7800000, 0x00000000a7800000, 0x00000000a7900000|  0%| F|  |TAMS 0x00000000a7800000, 0x00000000a7800000| Untracked 
| 121|0x00000000a7900000, 0x00000000a7900000, 0x00000000a7a00000|  0%| F|  |TAMS 0x00000000a7900000, 0x00000000a7900000| Untracked 
| 122|0x00000000a7a00000, 0x00000000a7a00000, 0x00000000a7b00000|  0%| F|  |TAMS 0x00000000a7a00000, 0x00000000a7a00000| Untracked 
| 123|0x00000000a7b00000, 0x00000000a7b00000, 0x00000000a7c00000|  0%| F|  |TAMS 0x00000000a7b00000, 0x00000000a7b00000| Untracked 
| 124|0x00000000a7c00000, 0x00000000a7c00000, 0x00000000a7d00000|  0%| F|  |TAMS 0x00000000a7c00000, 0x00000000a7c00000| Untracked 
| 125|0x00000000a7d00000, 0x00000000a7d00000, 0x00000000a7e00000|  0%| F|  |TAMS 0x00000000a7d00000, 0x00000000a7d00000| Untracked 
| 126|0x00000000a7e00000, 0x00000000a7e00000, 0x00000000a7f00000|  0%| F|  |TAMS 0x00000000a7e00000, 0x00000000a7e00000| Untracked 
| 127|0x00000000a7f00000, 0x00000000a7f00000, 0x00000000a8000000|  0%| F|  |TAMS 0x00000000a7f00000, 0x00000000a7f00000| Untracked 
| 128|0x00000000a8000000, 0x00000000a8000000, 0x00000000a8100000|  0%| F|  |TAMS 0x00000000a8000000, 0x00000000a8000000| Untracked 
| 129|0x00000000a8100000, 0x00000000a8100000, 0x00000000a8200000|  0%| F|  |TAMS 0x00000000a8100000, 0x00000000a8100000| Untracked 
| 130|0x00000000a8200000, 0x00000000a8200000, 0x00000000a8300000|  0%| F|  |TAMS 0x00000000a8200000, 0x00000000a8200000| Untracked 
| 131|0x00000000a8300000, 0x00000000a8300000, 0x00000000a8400000|  0%| F|  |TAMS 0x00000000a8300000, 0x00000000a8300000| Untracked 
| 132|0x00000000a8400000, 0x00000000a8400000, 0x00000000a8500000|  0%| F|  |TAMS 0x00000000a8400000, 0x00000000a8400000| Untracked 
| 133|0x00000000a8500000, 0x00000000a8500000, 0x00000000a8600000|  0%| F|  |TAMS 0x00000000a8500000, 0x00000000a8500000| Untracked 
| 134|0x00000000a8600000, 0x00000000a8600000, 0x00000000a8700000|  0%| F|  |TAMS 0x00000000a8600000, 0x00000000a8600000| Untracked 
| 135|0x00000000a8700000, 0x00000000a8700000, 0x00000000a8800000|  0%| F|  |TAMS 0x00000000a8700000, 0x00000000a8700000| Untracked 
| 136|0x00000000a8800000, 0x00000000a8800000, 0x00000000a8900000|  0%| F|  |TAMS 0x00000000a8800000, 0x00000000a8800000| Untracked 
| 137|0x00000000a8900000, 0x00000000a8900000, 0x00000000a8a00000|  0%| F|  |TAMS 0x00000000a8900000, 0x00000000a8900000| Untracked 
| 138|0x00000000a8a00000, 0x00000000a8a00000, 0x00000000a8b00000|  0%| F|  |TAMS 0x00000000a8a00000, 0x00000000a8a00000| Untracked 
| 139|0x00000000a8b00000, 0x00000000a8b00000, 0x00000000a8c00000|  0%| F|  |TAMS 0x00000000a8b00000, 0x00000000a8b00000| Untracked 
| 140|0x00000000a8c00000, 0x00000000a8c00000, 0x00000000a8d00000|  0%| F|  |TAMS 0x00000000a8c00000, 0x00000000a8c00000| Untracked 
| 141|0x00000000a8d00000, 0x00000000a8d00000, 0x00000000a8e00000|  0%| F|  |TAMS 0x00000000a8d00000, 0x00000000a8d00000| Untracked 
| 142|0x00000000a8e00000, 0x00000000a8e00000, 0x00000000a8f00000|  0%| F|  |TAMS 0x00000000a8e00000, 0x00000000a8e00000| Untracked 
| 143|0x00000000a8f00000, 0x00000000a8f00000, 0x00000000a9000000|  0%| F|  |TAMS 0x00000000a8f00000, 0x00000000a8f00000| Untracked 
| 144|0x00000000a9000000, 0x00000000a9000000, 0x00000000a9100000|  0%| F|  |TAMS 0x00000000a9000000, 0x00000000a9000000| Untracked 
| 145|0x00000000a9100000, 0x00000000a9100000, 0x00000000a9200000|  0%| F|  |TAMS 0x00000000a9100000, 0x00000000a9100000| Untracked 
| 146|0x00000000a9200000, 0x00000000a9200000, 0x00000000a9300000|  0%| F|  |TAMS 0x00000000a9200000, 0x00000000a9200000| Untracked 
| 147|0x00000000a9300000, 0x00000000a9300000, 0x00000000a9400000|  0%| F|  |TAMS 0x00000000a9300000, 0x00000000a9300000| Untracked 
| 148|0x00000000a9400000, 0x00000000a9400000, 0x00000000a9500000|  0%| F|  |TAMS 0x00000000a9400000, 0x00000000a9400000| Untracked 
| 149|0x00000000a9500000, 0x00000000a9500000, 0x00000000a9600000|  0%| F|  |TAMS 0x00000000a9500000, 0x00000000a9500000| Untracked 
| 150|0x00000000a9600000, 0x00000000a9600000, 0x00000000a9700000|  0%| F|  |TAMS 0x00000000a9600000, 0x00000000a9600000| Untracked 
| 151|0x00000000a9700000, 0x00000000a9700000, 0x00000000a9800000|  0%| F|  |TAMS 0x00000000a9700000, 0x00000000a9700000| Untracked 
| 152|0x00000000a9800000, 0x00000000a9800000, 0x00000000a9900000|  0%| F|  |TAMS 0x00000000a9800000, 0x00000000a9800000| Untracked 
| 153|0x00000000a9900000, 0x00000000a9900000, 0x00000000a9a00000|  0%| F|  |TAMS 0x00000000a9900000, 0x00000000a9900000| Untracked 
| 154|0x00000000a9a00000, 0x00000000a9a00000, 0x00000000a9b00000|  0%| F|  |TAMS 0x00000000a9a00000, 0x00000000a9a00000| Untracked 
| 155|0x00000000a9b00000, 0x00000000a9b00000, 0x00000000a9c00000|  0%| F|  |TAMS 0x00000000a9b00000, 0x00000000a9b00000| Untracked 
| 156|0x00000000a9c00000, 0x00000000a9c00000, 0x00000000a9d00000|  0%| F|  |TAMS 0x00000000a9c00000, 0x00000000a9c00000| Untracked 
| 157|0x00000000a9d00000, 0x00000000a9d00000, 0x00000000a9e00000|  0%| F|  |TAMS 0x00000000a9d00000, 0x00000000a9d00000| Untracked 
| 158|0x00000000a9e00000, 0x00000000a9e00000, 0x00000000a9f00000|  0%| F|  |TAMS 0x00000000a9e00000, 0x00000000a9e00000| Untracked 
| 159|0x00000000a9f00000, 0x00000000a9f00000, 0x00000000aa000000|  0%| F|  |TAMS 0x00000000a9f00000, 0x00000000a9f00000| Untracked 
| 160|0x00000000aa000000, 0x00000000aa000000, 0x00000000aa100000|  0%| F|  |TAMS 0x00000000aa000000, 0x00000000aa000000| Untracked 
| 161|0x00000000aa100000, 0x00000000aa100000, 0x00000000aa200000|  0%| F|  |TAMS 0x00000000aa100000, 0x00000000aa100000| Untracked 
| 162|0x00000000aa200000, 0x00000000aa200000, 0x00000000aa300000|  0%| F|  |TAMS 0x00000000aa200000, 0x00000000aa200000| Untracked 
| 163|0x00000000aa300000, 0x00000000aa300000, 0x00000000aa400000|  0%| F|  |TAMS 0x00000000aa300000, 0x00000000aa300000| Untracked 
| 164|0x00000000aa400000, 0x00000000aa400000, 0x00000000aa500000|  0%| F|  |TAMS 0x00000000aa400000, 0x00000000aa400000| Untracked 
| 165|0x00000000aa500000, 0x00000000aa500000, 0x00000000aa600000|  0%| F|  |TAMS 0x00000000aa500000, 0x00000000aa500000| Untracked 
| 166|0x00000000aa600000, 0x00000000aa600000, 0x00000000aa700000|  0%| F|  |TAMS 0x00000000aa600000, 0x00000000aa600000| Untracked 
| 167|0x00000000aa700000, 0x00000000aa700000, 0x00000000aa800000|  0%| F|  |TAMS 0x00000000aa700000, 0x00000000aa700000| Untracked 
| 168|0x00000000aa800000, 0x00000000aa800000, 0x00000000aa900000|  0%| F|  |TAMS 0x00000000aa800000, 0x00000000aa800000| Untracked 
| 169|0x00000000aa900000, 0x00000000aa900000, 0x00000000aaa00000|  0%| F|  |TAMS 0x00000000aa900000, 0x00000000aa900000| Untracked 
| 170|0x00000000aaa00000, 0x00000000aaa00000, 0x00000000aab00000|  0%| F|  |TAMS 0x00000000aaa00000, 0x00000000aaa00000| Untracked 
| 171|0x00000000aab00000, 0x00000000aab00000, 0x00000000aac00000|  0%| F|  |TAMS 0x00000000aab00000, 0x00000000aab00000| Untracked 
| 172|0x00000000aac00000, 0x00000000aac00000, 0x00000000aad00000|  0%| F|  |TAMS 0x00000000aac00000, 0x00000000aac00000| Untracked 
| 173|0x00000000aad00000, 0x00000000aad00000, 0x00000000aae00000|  0%| F|  |TAMS 0x00000000aad00000, 0x00000000aad00000| Untracked 
| 174|0x00000000aae00000, 0x00000000aae00000, 0x00000000aaf00000|  0%| F|  |TAMS 0x00000000aae00000, 0x00000000aae00000| Untracked 
| 175|0x00000000aaf00000, 0x00000000aaf00000, 0x00000000ab000000|  0%| F|  |TAMS 0x00000000aaf00000, 0x00000000aaf00000| Untracked 
| 176|0x00000000ab000000, 0x00000000ab0aa960, 0x00000000ab100000| 66%| S|CS|TAMS 0x00000000ab000000, 0x00000000ab000000| Complete 
| 177|0x00000000ab100000, 0x00000000ab200000, 0x00000000ab200000|100%| S|CS|TAMS 0x00000000ab100000, 0x00000000ab100000| Complete 
| 178|0x00000000ab200000, 0x00000000ab300000, 0x00000000ab300000|100%| S|CS|TAMS 0x00000000ab200000, 0x00000000ab200000| Complete 
| 179|0x00000000ab300000, 0x00000000ab400000, 0x00000000ab400000|100%| S|CS|TAMS 0x00000000ab300000, 0x00000000ab300000| Complete 
| 180|0x00000000ab400000, 0x00000000ab500000, 0x00000000ab500000|100%| S|CS|TAMS 0x00000000ab400000, 0x00000000ab400000| Complete 
| 181|0x00000000ab500000, 0x00000000ab600000, 0x00000000ab600000|100%| S|CS|TAMS 0x00000000ab500000, 0x00000000ab500000| Complete 
| 182|0x00000000ab600000, 0x00000000ab700000, 0x00000000ab700000|100%| S|CS|TAMS 0x00000000ab600000, 0x00000000ab600000| Complete 
| 183|0x00000000ab700000, 0x00000000ab700000, 0x00000000ab800000|  0%| F|  |TAMS 0x00000000ab700000, 0x00000000ab700000| Untracked 
| 184|0x00000000ab800000, 0x00000000ab800000, 0x00000000ab900000|  0%| F|  |TAMS 0x00000000ab800000, 0x00000000ab800000| Untracked 
| 185|0x00000000ab900000, 0x00000000ab900000, 0x00000000aba00000|  0%| F|  |TAMS 0x00000000ab900000, 0x00000000ab900000| Untracked 
| 186|0x00000000aba00000, 0x00000000aba00000, 0x00000000abb00000|  0%| F|  |TAMS 0x00000000aba00000, 0x00000000aba00000| Untracked 
| 187|0x00000000abb00000, 0x00000000abb00000, 0x00000000abc00000|  0%| F|  |TAMS 0x00000000abb00000, 0x00000000abb00000| Untracked 
| 188|0x00000000abc00000, 0x00000000abc00000, 0x00000000abd00000|  0%| F|  |TAMS 0x00000000abc00000, 0x00000000abc00000| Untracked 
| 189|0x00000000abd00000, 0x00000000abd00000, 0x00000000abe00000|  0%| F|  |TAMS 0x00000000abd00000, 0x00000000abd00000| Untracked 
| 190|0x00000000abe00000, 0x00000000abe00000, 0x00000000abf00000|  0%| F|  |TAMS 0x00000000abe00000, 0x00000000abe00000| Untracked 
| 191|0x00000000abf00000, 0x00000000abf00000, 0x00000000ac000000|  0%| F|  |TAMS 0x00000000abf00000, 0x00000000abf00000| Untracked 
| 192|0x00000000ac000000, 0x00000000ac000000, 0x00000000ac100000|  0%| F|  |TAMS 0x00000000ac000000, 0x00000000ac000000| Untracked 
| 193|0x00000000ac100000, 0x00000000ac100000, 0x00000000ac200000|  0%| F|  |TAMS 0x00000000ac100000, 0x00000000ac100000| Untracked 
| 194|0x00000000ac200000, 0x00000000ac200000, 0x00000000ac300000|  0%| F|  |TAMS 0x00000000ac200000, 0x00000000ac200000| Untracked 
| 195|0x00000000ac300000, 0x00000000ac300000, 0x00000000ac400000|  0%| F|  |TAMS 0x00000000ac300000, 0x00000000ac300000| Untracked 
| 196|0x00000000ac400000, 0x00000000ac400000, 0x00000000ac500000|  0%| F|  |TAMS 0x00000000ac400000, 0x00000000ac400000| Untracked 
| 197|0x00000000ac500000, 0x00000000ac500000, 0x00000000ac600000|  0%| F|  |TAMS 0x00000000ac500000, 0x00000000ac500000| Untracked 
| 198|0x00000000ac600000, 0x00000000ac600000, 0x00000000ac700000|  0%| F|  |TAMS 0x00000000ac600000, 0x00000000ac600000| Untracked 
| 199|0x00000000ac700000, 0x00000000ac700000, 0x00000000ac800000|  0%| F|  |TAMS 0x00000000ac700000, 0x00000000ac700000| Untracked 
| 200|0x00000000ac800000, 0x00000000ac800000, 0x00000000ac900000|  0%| F|  |TAMS 0x00000000ac800000, 0x00000000ac800000| Untracked 
| 201|0x00000000ac900000, 0x00000000ac900000, 0x00000000aca00000|  0%| F|  |TAMS 0x00000000ac900000, 0x00000000ac900000| Untracked 
| 202|0x00000000aca00000, 0x00000000aca00000, 0x00000000acb00000|  0%| F|  |TAMS 0x00000000aca00000, 0x00000000aca00000| Untracked 
| 203|0x00000000acb00000, 0x00000000acb00000, 0x00000000acc00000|  0%| F|  |TAMS 0x00000000acb00000, 0x00000000acb00000| Untracked 
| 204|0x00000000acc00000, 0x00000000acc00000, 0x00000000acd00000|  0%| F|  |TAMS 0x00000000acc00000, 0x00000000acc00000| Untracked 
| 205|0x00000000acd00000, 0x00000000acd00000, 0x00000000ace00000|  0%| F|  |TAMS 0x00000000acd00000, 0x00000000acd00000| Untracked 
| 206|0x00000000ace00000, 0x00000000ace00000, 0x00000000acf00000|  0%| F|  |TAMS 0x00000000ace00000, 0x00000000ace00000| Untracked 
| 207|0x00000000acf00000, 0x00000000acf00000, 0x00000000ad000000|  0%| F|  |TAMS 0x00000000acf00000, 0x00000000acf00000| Untracked 
| 208|0x00000000ad000000, 0x00000000ad000000, 0x00000000ad100000|  0%| F|  |TAMS 0x00000000ad000000, 0x00000000ad000000| Untracked 
| 209|0x00000000ad100000, 0x00000000ad100000, 0x00000000ad200000|  0%| F|  |TAMS 0x00000000ad100000, 0x00000000ad100000| Untracked 
| 210|0x00000000ad200000, 0x00000000ad200000, 0x00000000ad300000|  0%| F|  |TAMS 0x00000000ad200000, 0x00000000ad200000| Untracked 
| 211|0x00000000ad300000, 0x00000000ad300000, 0x00000000ad400000|  0%| F|  |TAMS 0x00000000ad300000, 0x00000000ad300000| Untracked 
| 212|0x00000000ad400000, 0x00000000ad500000, 0x00000000ad500000|100%| E|  |TAMS 0x00000000ad400000, 0x00000000ad400000| Complete 
| 213|0x00000000ad500000, 0x00000000ad600000, 0x00000000ad600000|100%| E|CS|TAMS 0x00000000ad500000, 0x00000000ad500000| Complete 
| 214|0x00000000ad600000, 0x00000000ad700000, 0x00000000ad700000|100%| E|CS|TAMS 0x00000000ad600000, 0x00000000ad600000| Complete 
| 215|0x00000000ad700000, 0x00000000ad800000, 0x00000000ad800000|100%| E|CS|TAMS 0x00000000ad700000, 0x00000000ad700000| Complete 
| 216|0x00000000ad800000, 0x00000000ad900000, 0x00000000ad900000|100%| E|CS|TAMS 0x00000000ad800000, 0x00000000ad800000| Complete 
| 217|0x00000000ad900000, 0x00000000ada00000, 0x00000000ada00000|100%| E|CS|TAMS 0x00000000ad900000, 0x00000000ad900000| Complete 
| 218|0x00000000ada00000, 0x00000000adb00000, 0x00000000adb00000|100%| E|CS|TAMS 0x00000000ada00000, 0x00000000ada00000| Complete 
| 219|0x00000000adb00000, 0x00000000adc00000, 0x00000000adc00000|100%| E|CS|TAMS 0x00000000adb00000, 0x00000000adb00000| Complete 
| 220|0x00000000adc00000, 0x00000000add00000, 0x00000000add00000|100%| E|CS|TAMS 0x00000000adc00000, 0x00000000adc00000| Complete 
| 221|0x00000000add00000, 0x00000000ade00000, 0x00000000ade00000|100%| E|CS|TAMS 0x00000000add00000, 0x00000000add00000| Complete 
| 222|0x00000000ade00000, 0x00000000adf00000, 0x00000000adf00000|100%| E|CS|TAMS 0x00000000ade00000, 0x00000000ade00000| Complete 
| 223|0x00000000adf00000, 0x00000000ae000000, 0x00000000ae000000|100%| E|CS|TAMS 0x00000000adf00000, 0x00000000adf00000| Complete 
| 224|0x00000000ae000000, 0x00000000ae100000, 0x00000000ae100000|100%| E|CS|TAMS 0x00000000ae000000, 0x00000000ae000000| Complete 
| 225|0x00000000ae100000, 0x00000000ae200000, 0x00000000ae200000|100%| E|CS|TAMS 0x00000000ae100000, 0x00000000ae100000| Complete 
| 226|0x00000000ae200000, 0x00000000ae300000, 0x00000000ae300000|100%| E|CS|TAMS 0x00000000ae200000, 0x00000000ae200000| Complete 
| 227|0x00000000ae300000, 0x00000000ae400000, 0x00000000ae400000|100%| E|CS|TAMS 0x00000000ae300000, 0x00000000ae300000| Complete 
| 228|0x00000000ae400000, 0x00000000ae500000, 0x00000000ae500000|100%| E|CS|TAMS 0x00000000ae400000, 0x00000000ae400000| Complete 
| 229|0x00000000ae500000, 0x00000000ae600000, 0x00000000ae600000|100%| E|CS|TAMS 0x00000000ae500000, 0x00000000ae500000| Complete 
| 230|0x00000000ae600000, 0x00000000ae700000, 0x00000000ae700000|100%| E|CS|TAMS 0x00000000ae600000, 0x00000000ae600000| Complete 
| 231|0x00000000ae700000, 0x00000000ae800000, 0x00000000ae800000|100%| E|CS|TAMS 0x00000000ae700000, 0x00000000ae700000| Complete 
| 232|0x00000000ae800000, 0x00000000ae900000, 0x00000000ae900000|100%| E|CS|TAMS 0x00000000ae800000, 0x00000000ae800000| Complete 
| 233|0x00000000ae900000, 0x00000000aea00000, 0x00000000aea00000|100%| E|CS|TAMS 0x00000000ae900000, 0x00000000ae900000| Complete 
| 234|0x00000000aea00000, 0x00000000aeb00000, 0x00000000aeb00000|100%| E|CS|TAMS 0x00000000aea00000, 0x00000000aea00000| Complete 
| 235|0x00000000aeb00000, 0x00000000aec00000, 0x00000000aec00000|100%| E|CS|TAMS 0x00000000aeb00000, 0x00000000aeb00000| Complete 
| 236|0x00000000aec00000, 0x00000000aed00000, 0x00000000aed00000|100%| E|CS|TAMS 0x00000000aec00000, 0x00000000aec00000| Complete 
| 237|0x00000000aed00000, 0x00000000aee00000, 0x00000000aee00000|100%| E|CS|TAMS 0x00000000aed00000, 0x00000000aed00000| Complete 
| 238|0x00000000aee00000, 0x00000000aef00000, 0x00000000aef00000|100%| E|CS|TAMS 0x00000000aee00000, 0x00000000aee00000| Complete 
| 239|0x00000000aef00000, 0x00000000af000000, 0x00000000af000000|100%| E|CS|TAMS 0x00000000aef00000, 0x00000000aef00000| Complete 
| 240|0x00000000af000000, 0x00000000af100000, 0x00000000af100000|100%| E|CS|TAMS 0x00000000af000000, 0x00000000af000000| Complete 
| 241|0x00000000af100000, 0x00000000af200000, 0x00000000af200000|100%| E|CS|TAMS 0x00000000af100000, 0x00000000af100000| Complete 
| 242|0x00000000af200000, 0x00000000af300000, 0x00000000af300000|100%| E|CS|TAMS 0x00000000af200000, 0x00000000af200000| Complete 
| 243|0x00000000af300000, 0x00000000af400000, 0x00000000af400000|100%| E|  |TAMS 0x00000000af300000, 0x00000000af300000| Complete 
| 244|0x00000000af400000, 0x00000000af500000, 0x00000000af500000|100%| E|CS|TAMS 0x00000000af400000, 0x00000000af400000| Complete 
| 245|0x00000000af500000, 0x00000000af600000, 0x00000000af600000|100%| E|CS|TAMS 0x00000000af500000, 0x00000000af500000| Complete 
| 246|0x00000000af600000, 0x00000000af700000, 0x00000000af700000|100%| E|CS|TAMS 0x00000000af600000, 0x00000000af600000| Complete 
| 247|0x00000000af700000, 0x00000000af800000, 0x00000000af800000|100%| E|CS|TAMS 0x00000000af700000, 0x00000000af700000| Complete 

Card table byte_map: [0x000001edfb510000,0x000001edfb810000] _byte_map_base: 0x000001edfb010000

Marking Bits (Prev, Next): (CMBitMap*) 0x000001ede6925098, (CMBitMap*) 0x000001ede69250d0
 Prev Bits: [0x000001edfbb10000, 0x000001edfd310000)
 Next Bits: [0x000001edfd310000, 0x000001edfeb10000)

Polling page: 0x000001ede69d0000

Metaspace:

Usage:
  Non-class:     33.10 MB capacity,    32.55 MB ( 98%) used,   473.63 KB (  1%) free+waste,    89.06 KB ( <1%) overhead. 
      Class:      5.12 MB capacity,     4.79 MB ( 94%) used,   296.20 KB (  6%) free+waste,    42.56 KB ( <1%) overhead. 
       Both:     38.22 MB capacity,    37.34 MB ( 98%) used,   769.84 KB (  2%) free+waste,   131.63 KB ( <1%) overhead. 

Virtual space:
  Non-class space:       34.00 MB reserved,      33.20 MB ( 98%) committed 
      Class space:        1.00 GB reserved,       5.20 MB ( <1%) committed 
             Both:        1.03 GB reserved,      38.40 MB (  4%) committed 

Chunk freelists:
   Non-Class:  39.00 KB
       Class:  5.00 KB
        Both:  44.00 KB

MaxMetaspaceSize: 17179869184.00 GB
CompressedClassSpaceSize: 1.00 GB

CodeHeap 'non-profiled nmethods': size=120064Kb used=1863Kb max_used=1863Kb free=118201Kb
 bounds [0x000001edf36b0000, 0x000001edf3920000, 0x000001edfabf0000]
CodeHeap 'profiled nmethods': size=120000Kb used=7424Kb max_used=7424Kb free=112575Kb
 bounds [0x000001edec180000, 0x000001edec8d0000, 0x000001edf36b0000]
CodeHeap 'non-nmethods': size=5696Kb used=1510Kb max_used=1541Kb free=4186Kb
 bounds [0x000001edebbf0000, 0x000001edebe60000, 0x000001edec180000]
 total_blobs=4047 nmethods=3428 adapters=530
 compilation: enabled
              stopped_count=0, restarted_count=0
 full_count=0

Compilation events (20 events):
Event: 50.617 Thread 0x000001edffa0d000 3341       4       java.lang.invoke.MethodType::makeImpl (108 bytes)
Event: 50.618 Thread 0x000001edffa0e800 3343       3       java.lang.invoke.MethodType::dropParameterTypes (162 bytes)
Event: 50.619 Thread 0x000001edffa0e800 nmethod 3343 0x000001edec884c10 code [0x000001edec884f40, 0x000001edec8860a8]
Event: 50.623 Thread 0x000001edffa0e800 3344       3       java.lang.String::equalsIgnoreCase (45 bytes)
Event: 50.624 Thread 0x000001edffa0e800 nmethod 3344 0x000001edec886610 code [0x000001edec886820, 0x000001edec886d68]
Event: 50.628 Thread 0x000001ed8463e800 nmethod 3339 0x000001edf3877710 code [0x000001edf38779e0, 0x000001edf387a5d0]
Event: 50.628 Thread 0x000001ed8463e800 3342       4       java.lang.invoke.MethodType$ConcurrentWeakInternSet::get (54 bytes)
Event: 50.666 Thread 0x000001edffa0e800 3346       3       jdk.internal.org.objectweb.asm.MethodVisitor::visitFieldInsn (20 bytes)
Event: 50.666 Thread 0x000001edffa0e800 nmethod 3346 0x000001edec886f90 code [0x000001edec887140, 0x000001edec887328]
Event: 50.760 Thread 0x000001ed8463e800 nmethod 3342 0x000001edf387c490 code [0x000001edf387c700, 0x000001edf387e1a0]
Event: 50.760 Thread 0x000001ed8463e800 3345       4       java.lang.invoke.MethodTypeForm::canonicalize (233 bytes)
Event: 50.765 Thread 0x000001ed8463e800 nmethod 3345 0x000001edf387ed90 code [0x000001edf387ef20, 0x000001edf387eff8]
Event: 50.914 Thread 0x000001edffa0e800 3351       3       java.util.HashMap::values (25 bytes)
Event: 50.914 Thread 0x000001edffa0e800 nmethod 3351 0x000001edec887410 code [0x000001edec8875e0, 0x000001edec887958]
Event: 50.917 Thread 0x000001edffa0e800 3352       3       com.google.common.cache.LocalCache::discardingQueue (4 bytes)
Event: 50.917 Thread 0x000001edffa0e800 nmethod 3352 0x000001edec887a90 code [0x000001edec887c40, 0x000001edec887d38]
Event: 50.920 Thread 0x000001edffa0e800 3353       3       java.util.LinkedHashMap::<init> (11 bytes)
Event: 50.920 Thread 0x000001edffa0e800 nmethod 3353 0x000001edec887e10 code [0x000001edec888000, 0x000001edec8881a8]
Event: 50.947 Thread 0x000001edffa0e800 3355       3       java.util.Collections$EmptyList::iterator (4 bytes)
Event: 50.948 Thread 0x000001edffa0e800 nmethod 3355 0x000001edec888290 code [0x000001edec888440, 0x000001edec888598]

GC Heap History (14 events):
Event: 3.562 GC heap before
{Heap before GC invocations=0 (full 0):
 garbage-first heap   total 253952K, used 17408K [0x00000000a0000000, 0x0000000100000000)
  region size 1024K, 14 young (14336K), 0 survivors (0K)
 Metaspace       used 6754K, capacity 6937K, committed 7168K, reserved 1056768K
  class space    used 582K, capacity 650K, committed 768K, reserved 1048576K
}
Event: 3.710 GC heap after
{Heap after GC invocations=1 (full 0):
 garbage-first heap   total 253952K, used 4345K [0x00000000a0000000, 0x0000000100000000)
  region size 1024K, 2 young (2048K), 2 survivors (2048K)
 Metaspace       used 6754K, capacity 6937K, committed 7168K, reserved 1056768K
  class space    used 582K, capacity 650K, committed 768K, reserved 1048576K
}
Event: 6.729 GC heap before
{Heap before GC invocations=1 (full 0):
 garbage-first heap   total 253952K, used 19705K [0x00000000a0000000, 0x0000000100000000)
  region size 1024K, 14 young (14336K), 2 survivors (2048K)
 Metaspace       used 9937K, capacity 10130K, committed 10368K, reserved 1058816K
  class space    used 1029K, capacity 1102K, committed 1152K, reserved 1048576K
}
Event: 6.745 GC heap after
{Heap after GC invocations=2 (full 0):
 garbage-first heap   total 253952K, used 9383K [0x00000000a0000000, 0x0000000100000000)
  region size 1024K, 2 young (2048K), 2 survivors (2048K)
 Metaspace       used 9937K, capacity 10130K, committed 10368K, reserved 1058816K
  class space    used 1029K, capacity 1102K, committed 1152K, reserved 1048576K
}
Event: 13.766 GC heap before
{Heap before GC invocations=2 (full 0):
 garbage-first heap   total 253952K, used 38055K [0x00000000a0000000, 0x0000000100000000)
  region size 1024K, 29 young (29696K), 2 survivors (2048K)
 Metaspace       used 10893K, capacity 11085K, committed 11264K, reserved 1058816K
  class space    used 1131K, capacity 1207K, committed 1280K, reserved 1048576K
}
Event: 13.778 GC heap after
{Heap after GC invocations=3 (full 0):
 garbage-first heap   total 253952K, used 12425K [0x00000000a0000000, 0x0000000100000000)
  region size 1024K, 4 young (4096K), 4 survivors (4096K)
 Metaspace       used 10893K, capacity 11085K, committed 11264K, reserved 1058816K
  class space    used 1131K, capacity 1207K, committed 1280K, reserved 1048576K
}
Event: 34.277 GC heap before
{Heap before GC invocations=3 (full 0):
 garbage-first heap   total 253952K, used 51337K [0x00000000a0000000, 0x0000000100000000)
  region size 1024K, 43 young (44032K), 4 survivors (4096K)
 Metaspace       used 17200K, capacity 17531K, committed 17792K, reserved 1064960K
  class space    used 1984K, capacity 2099K, committed 2176K, reserved 1048576K
}
Event: 34.293 GC heap after
{Heap after GC invocations=4 (full 0):
 garbage-first heap   total 253952K, used 16062K [0x00000000a0000000, 0x0000000100000000)
  region size 1024K, 6 young (6144K), 6 survivors (6144K)
 Metaspace       used 17200K, capacity 17531K, committed 17792K, reserved 1064960K
  class space    used 1984K, capacity 2099K, committed 2176K, reserved 1048576K
}
Event: 36.226 GC heap before
{Heap before GC invocations=4 (full 0):
 garbage-first heap   total 253952K, used 45758K [0x00000000a0000000, 0x0000000100000000)
  region size 1024K, 36 young (36864K), 6 survivors (6144K)
 Metaspace       used 20707K, capacity 21171K, committed 21296K, reserved 1069056K
  class space    used 2507K, capacity 2658K, committed 2688K, reserved 1048576K
}
Event: 36.254 GC heap after
{Heap after GC invocations=5 (full 0):
 garbage-first heap   total 253952K, used 17593K [0x00000000a0000000, 0x0000000100000000)
  region size 1024K, 2 young (2048K), 2 survivors (2048K)
 Metaspace       used 20707K, capacity 21171K, committed 21296K, reserved 1069056K
  class space    used 2507K, capacity 2658K, committed 2688K, reserved 1048576K
}
Event: 41.379 GC heap before
{Heap before GC invocations=6 (full 0):
 garbage-first heap   total 253952K, used 71865K [0x00000000a0000000, 0x0000000100000000)
  region size 1024K, 55 young (56320K), 2 survivors (2048K)
 Metaspace       used 26484K, capacity 27068K, committed 27264K, reserved 1073152K
  class space    used 3425K, capacity 3672K, committed 3712K, reserved 1048576K
}
Event: 41.390 GC heap after
{Heap after GC invocations=7 (full 0):
 garbage-first heap   total 253952K, used 19714K [0x00000000a0000000, 0x0000000100000000)
  region size 1024K, 4 young (4096K), 4 survivors (4096K)
 Metaspace       used 26484K, capacity 27068K, committed 27264K, reserved 1073152K
  class space    used 3425K, capacity 3672K, committed 3712K, reserved 1048576K
}
Event: 47.255 GC heap before
{Heap before GC invocations=7 (full 0):
 garbage-first heap   total 253952K, used 81154K [0x00000000a0000000, 0x0000000100000000)
  region size 1024K, 65 young (66560K), 4 survivors (4096K)
 Metaspace       used 35218K, capacity 35991K, committed 36048K, reserved 1081344K
  class space    used 4534K, capacity 4840K, committed 4864K, reserved 1048576K
}
Event: 47.274 GC heap after
{Heap after GC invocations=8 (full 0):
 garbage-first heap   total 253952K, used 23113K [0x00000000a0000000, 0x0000000100000000)
  region size 1024K, 7 young (7168K), 7 survivors (7168K)
 Metaspace       used 35218K, capacity 35991K, committed 36048K, reserved 1081344K
  class space    used 4534K, capacity 4840K, committed 4864K, reserved 1048576K
}

Deoptimization events (20 events):
Event: 49.162 Thread 0x000001ed84f7d800 Uncommon trap: trap_request=0xffffffbe fr.pc=0x000001edf3855b44 relative=0x00000000000009c4
Event: 49.162 Thread 0x000001ed84f7d800 Uncommon trap: reason=profile_predicate action=maybe_recompile pc=0x000001edf3855b44 method=jdk.internal.jimage.ImageStringsReader.charsFromByteBuffer([CLjava/nio/ByteBuffer;)V @ 6 c2
Event: 49.162 Thread 0x000001ed84f7d800 DEOPT PACKING pc=0x000001edf3855b44 sp=0x0000001e747f84c0
Event: 49.162 Thread 0x000001ed84f7d800 DEOPT UNPACKING pc=0x000001edebc1662f sp=0x0000001e747f82c8 mode 2
Event: 49.164 Thread 0x000001ed84f7d800 Uncommon trap: trap_request=0xffffffbe fr.pc=0x000001edf3857624 relative=0x0000000000000944
Event: 49.164 Thread 0x000001ed84f7d800 Uncommon trap: reason=profile_predicate action=maybe_recompile pc=0x000001edf3857624 method=jdk.internal.jimage.ImageStringsReader.charsFromByteBuffer([CLjava/nio/ByteBuffer;)V @ 6 c2
Event: 49.164 Thread 0x000001ed84f7d800 DEOPT PACKING pc=0x000001edf3857624 sp=0x0000001e747f83f0
Event: 49.164 Thread 0x000001ed84f7d800 DEOPT UNPACKING pc=0x000001edebc1662f sp=0x0000001e747f82c8 mode 2
Event: 49.506 Thread 0x000001ed83ac2800 Uncommon trap: trap_request=0xffffffbe fr.pc=0x000001edf384b5d8 relative=0x0000000000000558
Event: 49.506 Thread 0x000001ed83ac2800 Uncommon trap: reason=profile_predicate action=maybe_recompile pc=0x000001edf384b5d8 method=java.util.stream.ReferencePipeline.forEachWithCancel(Ljava/util/Spliterator;Ljava/util/stream/Sink;)Z @ 8 c2
Event: 49.506 Thread 0x000001ed83ac2800 DEOPT PACKING pc=0x000001edf384b5d8 sp=0x0000001e73efe7c0
Event: 49.506 Thread 0x000001ed83ac2800 DEOPT UNPACKING pc=0x000001edebc1662f sp=0x0000001e73efe760 mode 2
Event: 49.790 Thread 0x000001ed84f7d800 Uncommon trap: trap_request=0xffffffbe fr.pc=0x000001edf382e2b8 relative=0x0000000000003c18
Event: 49.790 Thread 0x000001ed84f7d800 Uncommon trap: reason=profile_predicate action=maybe_recompile pc=0x000001edf382e2b8 method=java.util.AbstractCollection.addAll(Ljava/util/Collection;)Z @ 15 c2
Event: 49.790 Thread 0x000001ed84f7d800 DEOPT PACKING pc=0x000001edf382e2b8 sp=0x0000001e747fa070
Event: 49.790 Thread 0x000001ed84f7d800 DEOPT UNPACKING pc=0x000001edebc1662f sp=0x0000001e747fa088 mode 2
Event: 50.472 Thread 0x000001ed83ac2800 Uncommon trap: trap_request=0xffffffbe fr.pc=0x000001edf384b5d8 relative=0x0000000000000558
Event: 50.472 Thread 0x000001ed83ac2800 Uncommon trap: reason=profile_predicate action=maybe_recompile pc=0x000001edf384b5d8 method=java.util.stream.ReferencePipeline.forEachWithCancel(Ljava/util/Spliterator;Ljava/util/stream/Sink;)Z @ 8 c2
Event: 50.473 Thread 0x000001ed83ac2800 DEOPT PACKING pc=0x000001edf384b5d8 sp=0x0000001e73efe7c0
Event: 50.482 Thread 0x000001ed83ac2800 DEOPT UNPACKING pc=0x000001edebc1662f sp=0x0000001e73efe760 mode 2

Classes redefined (0 events):
No events

Internal exceptions (20 events):
Event: 45.402 Thread 0x000001ed84f7d800 Exception <a 'java/lang/NoSuchMethodError'{0x00000000ac311b70}: 'void java.lang.invoke.DirectMethodHandle$Holder.invokeStaticInit(java.lang.Object, java.lang.Object, java.lang.Object, java.lang.Object)'> (0x00000000ac311b70) thrown at [./src/hotspot/share/interpreter/linkResolver.cpp, line 773]
Event: 45.413 Thread 0x000001ed84f7d800 Exception <a 'java/lang/NoSuchMethodError'{0x00000000ac3341c8}: 'void java.lang.invoke.DirectMethodHandle$Holder.invokeStaticInit(java.lang.Object, java.lang.Object, java.lang.Object, java.lang.Object, java.lang.Object)'> (0x00000000ac3341c8) thrown at [./src/hotspot/share/interpreter/linkResolver.cpp, line 773]
Event: 45.803 Thread 0x000001ed84f7d800 Exception <a 'java/lang/NoSuchMethodError'{0x00000000ac392d60}: 'int java.lang.invoke.DirectMethodHandle$Holder.invokeStaticInit(java.lang.Object, java.lang.Object, java.lang.Object, java.lang.Object)'> (0x00000000ac392d60) thrown at [./src/hotspot/share/interpreter/linkResolver.cpp, line 773]
Event: 47.157 Thread 0x000001ed84f7d800 Exception <a 'java/lang/NoSuchMethodError'{0x00000000ab70c910}: 'java.lang.Object java.lang.invoke.DirectMethodHandle$Holder.invokeStatic(java.lang.Object, java.lang.Object, java.lang.Object, java.lang.Object, java.lang.Object, java.lang.Object, java.lang.Object, java.lang.Object, java.lang.Object, java.lang.Object, java.lang.Object, int)'> (0x00000000ab70c910) thrown at [./src/hotspot/share/interpreter/linkResolver.cpp, line 773]
Event: 47.161 Thread 0x000001ed84f7d800 Exception <a 'java/lang/NoSuchMethodError'{0x00000000ab72b2b0}: 'java.lang.Object java.lang.invoke.DirectMethodHandle$Holder.invokeStatic(java.lang.Object, java.lang.Object, java.lang.Object, java.lang.Object, java.lang.Object, java.lang.Object, java.lang.Object, java.lang.Object, java.lang.Object, java.lang.Object, java.lang.Object, int, int)'> (0x00000000ab72b2b0) thrown at [./src/hotspot/share/interpreter/linkResolver.cpp, line 773]
Event: 47.239 Thread 0x000001ed84f7d800 Exception <a 'java/lang/NoSuchMethodError'{0x00000000ab74aae0}: 'java.lang.Object java.lang.invoke.DirectMethodHandle$Holder.invokeStatic(java.lang.Object, java.lang.Object, java.lang.Object, java.lang.Object, java.lang.Object, java.lang.Object, java.lang.Object, java.lang.Object, java.lang.Object, java.lang.Object, java.lang.Object, int, int, java.lang.Object)'> (0x00000000ab74aae0) thrown at [./src/hotspot/share/interpreter/linkResolver.cpp, line 773]
Event: 47.247 Thread 0x000001ed84f7d800 Exception <a 'java/lang/NoSuchMethodError'{0x00000000ab76bbd8}: 'java.lang.Object java.lang.invoke.DirectMethodHandle$Holder.invokeStatic(java.lang.Object, java.lang.Object, java.lang.Object, java.lang.Object, java.lang.Object, java.lang.Object, java.lang.Object, java.lang.Object, java.lang.Object, java.lang.Object, java.lang.Object, int, int, java.lang.Object, java.lang.Object)'> (0x00000000ab76bbd8) thrown at [./src/hotspot/share/interpreter/linkResolver.cpp, line 773]
Event: 47.252 Thread 0x000001ed84f7d800 Exception <a 'java/lang/ClassNotFoundException'{0x00000000ab79be88}: groovy/lang/ExpandoMetaClassBeanInfo> (0x00000000ab79be88) thrown at [./src/hotspot/share/classfile/systemDictionary.cpp, line 231]
Event: 47.254 Thread 0x000001ed84f7d800 Exception <a 'java/lang/ClassNotFoundException'{0x00000000ab7bc3b0}: groovy/lang/MetaClassImplBeanInfo> (0x00000000ab7bc3b0) thrown at [./src/hotspot/share/classfile/systemDictionary.cpp, line 231]
Event: 47.255 Thread 0x000001ed84f7d800 Exception <a 'java/lang/ClassNotFoundException'{0x00000000ab7c57b8}: java/lang/ObjectBeanInfo> (0x00000000ab7c57b8) thrown at [./src/hotspot/share/classfile/systemDictionary.cpp, line 231]
Event: 47.281 Thread 0x000001ed84f7d800 Exception <a 'java/lang/ClassNotFoundException'{0x00000000af70a790}: java/lang/ObjectCustomizer> (0x00000000af70a790) thrown at [./src/hotspot/share/classfile/systemDictionary.cpp, line 231]
Event: 47.311 Thread 0x000001ed84f7d800 Exception <a 'java/lang/ClassNotFoundException'{0x00000000af731ae8}: groovy/lang/MetaClassImplCustomizer> (0x00000000af731ae8) thrown at [./src/hotspot/share/classfile/systemDictionary.cpp, line 231]
Event: 47.412 Thread 0x000001ed84f7d800 Exception <a 'java/lang/ClassNotFoundException'{0x00000000af771a90}: groovy/lang/ExpandoMetaClassCustomizer> (0x00000000af771a90) thrown at [./src/hotspot/share/classfile/systemDictionary.cpp, line 231]
Event: 49.657 Thread 0x000001ed84f7d800 Exception <a 'java/lang/ClassNotFoundException'{0x00000000adf8d2a8}: org/gradle/internal/extensibility/DefaultExtraPropertiesExtensionBeanInfo> (0x00000000adf8d2a8) thrown at [./src/hotspot/share/classfile/systemDictionary.cpp, line 231]
Event: 49.715 Thread 0x000001ed84f7d800 Exception <a 'java/lang/ClassNotFoundException'{0x00000000adfaea80}: groovy/lang/GroovyObjectSupportBeanInfo> (0x00000000adfaea80) thrown at [./src/hotspot/share/classfile/systemDictionary.cpp, line 231]
Event: 49.729 Thread 0x000001ed84f7d800 Exception <a 'java/lang/ClassNotFoundException'{0x00000000adfd0368}: groovy/lang/GroovyObjectSupportCustomizer> (0x00000000adfd0368) thrown at [./src/hotspot/share/classfile/systemDictionary.cpp, line 231]
Event: 49.784 Thread 0x000001ed84f7d800 Exception <a 'java/lang/ClassNotFoundException'{0x00000000adff8318}: org/gradle/internal/extensibility/DefaultExtraPropertiesExtensionCustomizer> (0x00000000adff8318) thrown at [./src/hotspot/share/classfile/systemDictionary.cpp, line 231]
Event: 50.484 Thread 0x000001ed84f7d800 Exception <a 'java/lang/NoSuchMethodError'{0x00000000adc44938}: 'int java.lang.invoke.DirectMethodHandle$Holder.invokeStatic(java.lang.Object, java.lang.Object, java.lang.Object, java.lang.Object, java.lang.Object)'> (0x00000000adc44938) thrown at [./src/hotspot/share/interpreter/linkResolver.cpp, line 773]
Event: 50.668 Thread 0x000001ed84f7d800 Exception <a 'java/lang/NoSuchMethodError'{0x00000000adb365f8}: 'java.lang.Object java.lang.invoke.DirectMethodHandle$Holder.invokeStatic(java.lang.Object, java.lang.Object, int, java.lang.Object)'> (0x00000000adb365f8) thrown at [./src/hotspot/share/interpreter/linkResolver.cpp, line 773]
Event: 50.669 Thread 0x000001ed84f7d800 Exception <a 'java/lang/NoSuchMethodError'{0x00000000adb40a40}: 'java.lang.Object java.lang.invoke.Invokers$Holder.linkToTargetMethod(java.lang.Object, int, java.lang.Object, java.lang.Object)'> (0x00000000adb40a40) thrown at [./src/hotspot/share/interpreter/linkResolver.cpp, line 773]

Events (20 events):
Event: 50.935 loading class org/gradle/cache/internal/btree/BTreePersistentIndexedCache$HeaderBlock done
Event: 50.936 loading class org/gradle/api/internal/plugins/DefaultPluginManager$3
Event: 50.936 loading class org/gradle/api/internal/plugins/DefaultPluginManager$3 done
Event: 50.936 loading class org/gradle/cache/internal/btree/FreeListBlockStore$1
Event: 50.936 loading class org/gradle/cache/internal/btree/FreeListBlockStore$1 done
Event: 50.939 loading class org/gradle/cache/internal/btree/FreeListBlockStore$2
Event: 50.939 loading class org/gradle/cache/internal/btree/FreeListBlockStore$2 done
Event: 50.941 Executing VM operation: CollectForMetadataAllocation
Event: 50.943 Executing VM operation: CollectForMetadataAllocation done
Event: 50.943 loading class org/gradle/api/internal/collections/IterationOrderRetainingSetElementSource
Event: 50.943 loading class org/gradle/api/internal/collections/IterationOrderRetainingSetElementSource done
Event: 50.944 loading class org/gradle/cache/internal/btree/ByteOutput
Event: 50.944 loading class org/gradle/cache/internal/btree/ByteOutput done
Event: 50.944 loading class org/gradle/api/internal/collections/IterationOrderRetainingSetElementSource$1
Event: 50.944 loading class org/gradle/api/internal/collections/IterationOrderRetainingSetElementSource$1 done
Event: 50.948 loading class org/gradle/groovy/scripts/internal/BuildScriptTransformer
Event: 50.948 loading class org/gradle/groovy/scripts/internal/BuildScriptTransformer done
Event: 50.948 loading class org/gradle/cache/internal/btree/ByteOutput$ResettableBufferedOutputStream
Event: 50.948 loading class org/gradle/cache/internal/btree/ByteOutput$ResettableBufferedOutputStream done
Event: 50.948 Executing VM operation: Deoptimize


Dynamic libraries:
0x00007ff6ab890000 - 0x00007ff6ab89a000 	C:\Program Files\Android\Android Studio\jre\bin\java.exe
0x00007ffdd0c70000 - 0x00007ffdd0e68000 	C:\WINDOWS\SYSTEM32\ntdll.dll
0x00007ffdd0300000 - 0x00007ffdd03bd000 	C:\WINDOWS\System32\KERNEL32.DLL
0x00007ffdce8d0000 - 0x00007ffdceb9e000 	C:\WINDOWS\System32\KERNELBASE.dll
0x00007ffdce450000 - 0x00007ffdce550000 	C:\WINDOWS\System32\ucrtbase.dll
0x00007ffdcb1a0000 - 0x00007ffdcb1b9000 	C:\Program Files\Android\Android Studio\jre\bin\jli.dll
0x00007ffdcf360000 - 0x00007ffdcf500000 	C:\WINDOWS\System32\USER32.dll
0x00007ffdceca0000 - 0x00007ffdcecc2000 	C:\WINDOWS\System32\win32u.dll
0x00007ffdcf650000 - 0x00007ffdcf67a000 	C:\WINDOWS\System32\GDI32.dll
0x00007ffdce7c0000 - 0x00007ffdce8cb000 	C:\WINDOWS\System32\gdi32full.dll
0x00007ffdce720000 - 0x00007ffdce7bd000 	C:\WINDOWS\System32\msvcp_win.dll
0x00007ffdacb00000 - 0x00007ffdacb17000 	C:\Program Files\Android\Android Studio\jre\bin\VCRUNTIME140.dll
0x00007ffdcd7a0000 - 0x00007ffdcda3a000 	C:\WINDOWS\WinSxS\amd64_microsoft.windows.common-controls_6595b64144ccf1df_6.0.19041.1110_none_60b5254171f9507e\COMCTL32.dll
0x00007ffdcfe80000 - 0x00007ffdcff1e000 	C:\WINDOWS\System32\msvcrt.dll
0x00007ffdcecf0000 - 0x00007ffdced20000 	C:\WINDOWS\System32\IMM32.DLL
0x00007ffdac440000 - 0x00007ffdac4dd000 	C:\Program Files\Android\Android Studio\jre\bin\msvcp140.dll
0x00007ffd8e530000 - 0x00007ffd8f005000 	C:\Program Files\Android\Android Studio\jre\bin\server\jvm.dll
0x00007ffdcf680000 - 0x00007ffdcf72e000 	C:\WINDOWS\System32\ADVAPI32.dll
0x00007ffdcf5b0000 - 0x00007ffdcf64c000 	C:\WINDOWS\System32\sechost.dll
0x00007ffdd09c0000 - 0x00007ffdd0ae5000 	C:\WINDOWS\System32\RPCRT4.dll
0x00007ffdcecd0000 - 0x00007ffdcecd8000 	C:\WINDOWS\System32\PSAPI.DLL
0x00007ffd95610000 - 0x00007ffd95619000 	C:\WINDOWS\SYSTEM32\WSOCK32.dll
0x00007ffdd00e0000 - 0x00007ffdd014b000 	C:\WINDOWS\System32\WS2_32.dll
0x00007ffdc44d0000 - 0x00007ffdc44f7000 	C:\WINDOWS\SYSTEM32\WINMM.dll
0x00007ffdc45b0000 - 0x00007ffdc45ba000 	C:\WINDOWS\SYSTEM32\VERSION.dll
0x00007ffdcc8d0000 - 0x00007ffdcc8e2000 	C:\WINDOWS\SYSTEM32\kernel.appcore.dll
0x00007ffdc3590000 - 0x00007ffdc35a1000 	C:\Program Files\Android\Android Studio\jre\bin\verify.dll
0x00007ffdcde10000 - 0x00007ffdcdff4000 	C:\WINDOWS\SYSTEM32\DBGHELP.DLL
0x00007ffdcdb70000 - 0x00007ffdcdb9c000 	C:\WINDOWS\SYSTEM32\dbgcore.DLL
0x00007ffdce390000 - 0x00007ffdce412000 	C:\WINDOWS\System32\bcryptPrimitives.dll
0x00007ffdbccd0000 - 0x00007ffdbccf9000 	C:\Program Files\Android\Android Studio\jre\bin\java.dll
0x00007ffdc6090000 - 0x00007ffdc609b000 	C:\Program Files\Android\Android Studio\jre\bin\jimage.dll
0x00007ffdbccb0000 - 0x00007ffdbccc8000 	C:\Program Files\Android\Android Studio\jre\bin\zip.dll
0x00007ffdcf730000 - 0x00007ffdcfe74000 	C:\WINDOWS\System32\SHELL32.dll
0x00007ffdcb890000 - 0x00007ffdcc024000 	C:\WINDOWS\SYSTEM32\windows.storage.dll
0x00007ffdced20000 - 0x00007ffdcf074000 	C:\WINDOWS\System32\combase.dll
0x00007ffdcd700000 - 0x00007ffdcd730000 	C:\WINDOWS\SYSTEM32\Wldp.dll
0x00007ffdd0020000 - 0x00007ffdd00cd000 	C:\WINDOWS\System32\SHCORE.dll
0x00007ffdd0bd0000 - 0x00007ffdd0c25000 	C:\WINDOWS\System32\shlwapi.dll
0x00007ffdce2d0000 - 0x00007ffdce2ef000 	C:\WINDOWS\SYSTEM32\profapi.dll
0x00007ffdad410000 - 0x00007ffdad42a000 	C:\Program Files\Android\Android Studio\jre\bin\net.dll
0x00007ffdc53a0000 - 0x00007ffdc54aa000 	C:\WINDOWS\SYSTEM32\WINHTTP.dll
0x00007ffdcd460000 - 0x00007ffdcd4ca000 	C:\WINDOWS\system32\mswsock.dll
0x00007ffdad3f0000 - 0x00007ffdad404000 	C:\Program Files\Android\Android Studio\jre\bin\nio.dll
0x00007ffdac610000 - 0x00007ffdac637000 	C:\Users\UUU\.gradle\native\e1d6ef7f7dcc3fd88c89a11ec53ec762bb8ba0a96d01ffa2cd45eb1d1d8dd5c5\windows-amd64\native-platform.dll
0x00007ffd990d0000 - 0x00007ffd99214000 	C:\Users\UUU\.gradle\native\0d407fdbe67a94daf76414ababcb853783967236a71b16ec16e742cd7a986fd3\windows-amd64\native-platform-file-events.dll
0x00007ffdc5b50000 - 0x00007ffdc5b5a000 	C:\Program Files\Android\Android Studio\jre\bin\management.dll
0x00007ffdc1ac0000 - 0x00007ffdc1acd000 	C:\Program Files\Android\Android Studio\jre\bin\management_ext.dll
0x00007ffdce000000 - 0x00007ffdce018000 	C:\WINDOWS\SYSTEM32\CRYPTSP.dll
0x00007ffdcce00000 - 0x00007ffdcce34000 	C:\WINDOWS\system32\rsaenh.dll
0x00007ffdce420000 - 0x00007ffdce447000 	C:\WINDOWS\System32\bcrypt.dll
0x00007ffdce250000 - 0x00007ffdce27e000 	C:\WINDOWS\SYSTEM32\USERENV.dll
0x00007ffdcd680000 - 0x00007ffdcd68c000 	C:\WINDOWS\SYSTEM32\CRYPTBASE.dll
0x00007ffdcd150000 - 0x00007ffdcd18b000 	C:\WINDOWS\SYSTEM32\IPHLPAPI.DLL
0x00007ffdcece0000 - 0x00007ffdcece8000 	C:\WINDOWS\System32\NSI.dll
0x00007ffdc7100000 - 0x00007ffdc7117000 	C:\WINDOWS\SYSTEM32\dhcpcsvc6.DLL
0x00007ffdc7250000 - 0x00007ffdc726d000 	C:\WINDOWS\SYSTEM32\dhcpcsvc.DLL
0x00007ffdcd190000 - 0x00007ffdcd25b000 	C:\WINDOWS\SYSTEM32\DNSAPI.dll

dbghelp: loaded successfully - version: 4.0.5 - missing functions: none
symbol engine: initialized successfully - sym options: 0x614 - pdb path: .;C:\Program Files\Android\Android Studio\jre\bin;C:\WINDOWS\SYSTEM32;C:\WINDOWS\WinSxS\amd64_microsoft.windows.common-controls_6595b64144ccf1df_6.0.19041.1110_none_60b5254171f9507e;C:\Program Files\Android\Android Studio\jre\bin\server;C:\Users\UUU\.gradle\native\e1d6ef7f7dcc3fd88c89a11ec53ec762bb8ba0a96d01ffa2cd45eb1d1d8dd5c5\windows-amd64;C:\Users\UUU\.gradle\native\0d407fdbe67a94daf76414ababcb853783967236a71b16ec16e742cd7a986fd3\windows-amd64

VM Arguments:
jvm_args: --add-opens=java.base/java.util=ALL-UNNAMED --add-opens=java.base/java.lang=ALL-UNNAMED --add-opens=java.base/java.lang.invoke=ALL-UNNAMED --add-opens=java.base/java.util=ALL-UNNAMED --add-opens=java.prefs/java.util.prefs=ALL-UNNAMED --add-opens=java.prefs/java.util.prefs=ALL-UNNAMED --add-opens=java.base/java.nio.charset=ALL-UNNAMED --add-opens=java.base/java.net=ALL-UNNAMED --add-opens=java.base/java.util.concurrent.atomic=ALL-UNNAMED -Xmx1536M -Dfile.encoding=windows-1252 -Duser.country=US -Duser.language=en -Duser.variant 
java_command: org.gradle.launcher.daemon.bootstrap.GradleDaemon 7.4
java_class_path (initial): C:\Users\UUU\.gradle\wrapper\dists\gradle-7.4-all\aadb4xli5jkdsnukm30eibyiu\gradle-7.4\lib\gradle-launcher-7.4.jar
Launcher Type: SUN_STANDARD

[Global flags]
     intx CICompilerCount                          = 3                                         {product} {ergonomic}
     uint ConcGCThreads                            = 1                                         {product} {ergonomic}
     uint G1ConcRefinementThreads                  = 4                                         {product} {ergonomic}
   size_t G1HeapRegionSize                         = 1048576                                   {product} {ergonomic}
    uintx GCDrainStackTargetSize                   = 64                                        {product} {ergonomic}
   size_t InitialHeapSize                          = 260046848                                 {product} {ergonomic}
   size_t MarkStackSize                            = 4194304                                   {product} {ergonomic}
   size_t MaxHeapSize                              = 1610612736                                {product} {command line}
   size_t MaxNewSize                               = 965738496                                 {product} {ergonomic}
   size_t MinHeapDeltaBytes                        = 1048576                                   {product} {ergonomic}
    uintx NonNMethodCodeHeapSize                   = 5830732                                {pd product} {ergonomic}
    uintx NonProfiledCodeHeapSize                  = 122913754                              {pd product} {ergonomic}
    uintx ProfiledCodeHeapSize                     = 122913754                              {pd product} {ergonomic}
    uintx ReservedCodeCacheSize                    = 251658240                              {pd product} {ergonomic}
     bool SegmentedCodeCache                       = true                                      {product} {ergonomic}
     bool UseCompressedClassPointers               = true                                 {lp64_product} {ergonomic}
     bool UseCompressedOops                        = true                                 {lp64_product} {ergonomic}
     bool UseG1GC                                  = true                                      {product} {ergonomic}
     bool UseLargePagesIndividualAllocation        = false                                  {pd product} {ergonomic}

Logging:
Log output configuration:
 #0: stdout all=warning uptime,level,tags
 #1: stderr all=off uptime,level,tags

Environment Variables:
JAVA_HOME=C:\Program Files\Android\Android Studio\jre
CLASSPATH=C:\Users\UUU\Downloads\todoApp\android\\gradle\wrapper\gradle-wrapper.jar
PATH=C:\Python310\Scripts\;C:\Python310\;C:\Program Files\Common Files\Oracle\Java\javapath;C:\Program Files (x86)\NVIDIA Corporation\PhysX\Common;C:\Program Files (x86)\Common Files\Oracle\Java\javapath;C:\WINDOWS\system32;C:\WINDOWS;C:\WINDOWS\System32\Wbem;C:\WINDOWS\System32\WindowsPowerShell\v1.0\;C:\WINDOWS\System32\OpenSSH\;C:\Program Files\Git\cmd;C:\Program Files\dotnet\;C:\Program Files\Microsoft SQL Server\Client SDK\ODBC\170\Tools\Binn\;C:\Program Files (x86)\Microsoft SQL Server\150\Tools\Binn\;C:\Program Files\Microsoft SQL Server\150\Tools\Binn\;C:\Program Files\Microsoft SQL Server\150\DTS\Binn\;C:\Program Files (x86)\Microsoft SQL Server\150\DTS\Binn\;C:\Program Files\Azure Data Studio\bin;C:\Program Files (x86)\dotnet\;C:\Program Files\nodejs\;C:\ProgramData\chocolatey\bin;C:\src\flutter\flutter\bin;C:\Users\UUU\.dotnet\tools;C:\Program Files\Azure Data Studio\bin;C:\Users\UUU\AppData\Roaming\npm;C:\Users\UUU\AppData\Local\Microsoft\WindowsApps;C:\Users\UUU\AppData\Local\GitHubDesktop\bin;C:\src\flutter\flutter\bin\mingit\cmd
USERNAME=Othniel O. Twumasi
OS=Windows_NT
PROCESSOR_IDENTIFIER=Intel64 Family 6 Model 61 Stepping 4, GenuineIntel



---------------  S Y S T E M  ---------------

OS: Windows 10 , 64 bit Build 19041 (10.0.19041.1806)
OS uptime: 10 days 13:00 hours

CPU:total 4 (initial active 4) (2 cores per cpu, 2 threads per core) family 6 model 61 stepping 4 microcode 0x2e, cmov, cx8, fxsr, mmx, sse, sse2, sse3, ssse3, sse4.1, sse4.2, popcnt, avx, avx2, aes, clmul, erms, 3dnowpref, lzcnt, ht, tsc, tscinvbit, bmi1, bmi2, adx, fma

Memory: 4k page, system-wide physical 15779M (5648M free)
TotalPageFile size 35779M (AvailPageFile size 64M)
current process WorkingSet (physical memory assigned to process): 228M, peak: 230M
current process commit charge ("private bytes"): 419M, peak: 423M

vm_info: OpenJDK 64-Bit Server VM (11.0.11+9-b60-7590822) for windows-amd64 JRE (11.0.11+9-b60-7590822), built on Jul 29 2021 21:43:44 by "builder" with MS VC++ 14.0 (VS2015)

END.
